<?xml version="1.0" encoding="UTF-8"?>
<testng-results ignored="0" total="1" passed="1" failed="0" skipped="0">
  <reporter-output>
  </reporter-output>
  <suite started-at="2025-06-27T18:10:30 IST" name="Surefire suite" finished-at="2025-06-27T18:11:10 IST" duration-ms="39987">
    <groups>
      <group name="cucumber">
        <method signature="AbstractTestNGCucumberTests.runScenario(io.cucumber.testng.PickleWrapper,io.cucumber.testng.FeatureWrapper)[pri:0, instance:in.assignment.TestRunner@a4102b8]" name="runScenario" class="io.cucumber.testng.AbstractTestNGCucumberTests"/>
      </group> <!-- cucumber -->
    </groups>
    <test started-at="2025-06-27T18:10:30 IST" name="Surefire test" finished-at="2025-06-27T18:11:10 IST" duration-ms="39987">
      <class name="in.assignment.TestRunner">
        <test-method is-config="true" signature="setUpClass(org.testng.ITestContext)[pri:0, instance:in.assignment.TestRunner@a4102b8]" started-at="2025-06-27T18:10:30 IST" name="setUpClass" finished-at="2025-06-27T18:10:30 IST" duration-ms="446" status="PASS">
          <params>
            <param index="0">
              <value>
                <![CDATA[org.testng.TestRunner@6105f8a3]]>
              </value>
            </param>
          </params>
          <reporter-output>
          </reporter-output>
        </test-method> <!-- setUpClass -->
        <test-method signature="runScenario(io.cucumber.testng.PickleWrapper,io.cucumber.testng.FeatureWrapper)[pri:0, instance:in.assignment.TestRunner@a4102b8]" started-at="2025-06-27T18:10:30 IST" name="runScenario" description="Runs Cucumber Scenarios" data-provider="scenarios" finished-at="2025-06-27T18:11:09 IST" duration-ms="39495" status="PASS">
          <params>
            <param index="0">
              <value>
                <![CDATA["Search and scrape available iPhone 16 Pro covers"]]>
              </value>
            </param>
            <param index="1">
              <value>
                <![CDATA["Casekaro iPhone 16 Pro Covers"]]>
              </value>
            </param>
          </params>
          <reporter-output>
          </reporter-output>
        </test-method> <!-- runScenario -->
        <test-method is-config="true" signature="tearDownClass()[pri:0, instance:in.assignment.TestRunner@a4102b8]" started-at="2025-06-27T18:11:10 IST" name="tearDownClass" finished-at="2025-06-27T18:11:10 IST" duration-ms="15" status="PASS">
          <reporter-output>
          </reporter-output>
        </test-method> <!-- tearDownClass -->
      </class> <!-- in.assignment.TestRunner -->
    </test> <!-- Surefire test -->
  </suite> <!-- Surefire suite -->
</testng-results>
