<?xml version="1.0" encoding="UTF-8"?>
<testng-results ignored="0" total="1" passed="1" failed="0" skipped="0">
  <reporter-output>
  </reporter-output>
  <suite started-at="2025-06-26T18:57:19 IST" name="Surefire suite" finished-at="2025-06-26T18:58:11 IST" duration-ms="52126">
    <groups>
    </groups>
    <test started-at="2025-06-26T18:57:19 IST" name="Surefire test" finished-at="2025-06-26T18:58:11 IST" duration-ms="52126">
      <class name="in.assignment.STest">
        <test-method signature="testCasekaroScraping()[pri:0, instance:in.assignment.STest@731f8236]" started-at="2025-06-26T18:57:19 IST" name="testCasekaroScraping" finished-at="2025-06-26T18:58:11 IST" duration-ms="52079" status="PASS">
          <reporter-output>
          </reporter-output>
        </test-method> <!-- testCasekaroScraping -->
      </class> <!-- in.assignment.STest -->
    </test> <!-- Surefire test -->
  </suite> <!-- Surefire suite -->
</testng-results>
