<?xml version="1.0" encoding="UTF-8"?>
<testsuite xmlns:xsi="http://www.w3.org/2001/XMLSchema-instance" xsi:noNamespaceSchemaLocation="https://maven.apache.org/surefire/maven-surefire-plugin/xsd/surefire-test-report-3.0.xsd" version="3.0" name="in.assignment.TestRunner" time="40.329" tests="1" errors="0" skipped="0" failures="0">
  <properties>
[...]
</properties>
  <testcase name="runScenario[&quot;Search and scrape available iPhone 16 Pro covers&quot;, &quot;Casekaro iPhone 16 Pro Covers&quot;](1)" classname="in.assignment.TestRunner" time="39.496">
    <system-out><![CDATA[
Scenario: Search and scrape available iPhone 16 Pro covers &amp#27;[90m# src/test/resources/features/casekaro.feature:3&amp#27;[0m
  &amp#27;[32mGiven &amp#27;[0m&amp#27;[32mI open the Casekaro website&amp#27;[0m                        &amp#27;[90m# in.assignment.STest.openCasekaro()&amp#27;[0m
  &amp#27;[32mWhen &amp#27;[0m&amp#27;[32mI navigate to Mobile Covers and search for Apple&amp#27;[0m    &amp#27;[90m# in.assignment.STest.navigateToApple()&amp#27;[0m
  &amp#27;[32mAnd &amp#27;[0m&amp#27;[32mI search and open the iPhone 16 Pro page&amp#27;[0m             &amp#27;[90m# in.assignment.STest.openIphone16Pro()&amp#27;[0m
  &amp#27;[32mAnd &amp#27;[0m&amp#27;[32mI apply the In Stock filter&amp#27;[0m                          &amp#27;[90m# in.assignment.STest.applyFilter()&amp#27;[0m
Done. 24 items saved to products.json
  &amp#27;[32mThen &amp#27;[0m&amp#27;[32mI scrape the product data and save it as JSON&amp#27;[0m       &amp#27;[90m# in.assignment.STest.scrapeAndSave()&amp#27;[0m
Description: 
                BMW Stripes Pattern iPhone 16 Pro Back Cover
              
Price After Discount: From ₹ 69.00
Actual Price: ₹ 499.00
Image Link: https://casekaro.com/cdn/shop/files/CK-0623-iP16PRO-0677-A.jpg?v=1727631261&width=533
----------------------------------------
Description: 
                Classic Porsche 911 iPhone 16 Pro Back Cover
              
Price After Discount: From ₹ 69.00
Actual Price: ₹ 499.00
Image Link: https://casekaro.com/cdn/shop/files/CK-0623-iP16PRO-0690-A.jpg?v=1736839142&width=533
----------------------------------------
Description: 
                Spider Man iPhone 16 Pro Back Cover
              
Price After Discount: From ₹ 69.00
Actual Price: ₹ 499.00
Image Link: https://casekaro.com/cdn/shop/files/CK-0623-iP16PRO-0610-A.jpg?v=1727630965&width=533
----------------------------------------
Description: 
                Cartoon Astronaut iPhone 16 Pro Back Cover
              
Price After Discount: From ₹ 69.00
Actual Price: ₹ 499.00
Image Link: https://casekaro.com/cdn/shop/files/CK-0623-iP16PRO-0608-A.jpg?v=1727630955&width=533
----------------------------------------
Description: 
                Sticker Bomb iPhone 16 Pro Back Cover
              
Price After Discount: From ₹ 69.00
Actual Price: ₹ 499.00
Image Link: https://casekaro.com/cdn/shop/files/CK-0623-iP16PRO-0438-A.jpg?v=1727545789&width=533
----------------------------------------
Description: 
                Chota Naruto iPhone 16 Pro Back Cover
              
Price After Discount: From ₹ 69.00
Actual Price: ₹ 499.00
Image Link: https://casekaro.com/cdn/shop/files/CK-0623-iP16PRO-0606-A.jpg?v=1727630940&width=533
----------------------------------------
Description: 
                Deadpool iPhone 16 Pro Back Cover
              
Price After Discount: From ₹ 69.00
Actual Price: ₹ 499.00
Image Link: https://casekaro.com/cdn/shop/files/CK-0623-iP16PRO-0595-A.jpg?v=1727630898&width=533
----------------------------------------
Description: 
                Satyamev Jayate Golden iPhone 16 Pro Back Cover
              
Price After Discount: From ₹ 69.00
Actual Price: ₹ 499.00
Image Link: https://casekaro.com/cdn/shop/files/CK-0623-iP16PRO-0580-A.jpg?v=1727630835&width=533
----------------------------------------
Description: 
                Itachi Uchiha iPhone 16 Pro Back Cover
              
Price After Discount: From ₹ 69.00
Actual Price: ₹ 499.00
Image Link: https://casekaro.com/cdn/shop/files/CK-0623-iP16PRO-0614-A.jpg?v=1727630983&width=533
----------------------------------------
Description: 
                Black Marble Texture iPhone 16 Pro Back Cover
              
Price After Discount: From ₹ 69.00
Actual Price: ₹ 499.00
Image Link: https://casekaro.com/cdn/shop/files/CK-0623-iP16PRO-0061-A.jpg?v=1727545265&width=533
----------------------------------------
Description: 
                Geometric Pattern iPhone 16 Pro Back Cover
              
Price After Discount: From ₹ 69.00
Actual Price: ₹ 499.00
Image Link: https://casekaro.com/cdn/shop/files/CK-0623-iP16PRO-0532-A.jpg?v=1727630643&width=533
----------------------------------------
Description: 
                BMW Stripes iPhone 16 Pro Back Cover
              
Price After Discount: From ₹ 69.00
Actual Price: ₹ 499.00
Image Link: https://casekaro.com/cdn/shop/files/CK-0623-iP16PRO-0670-A.jpg?v=1727631233&width=533
----------------------------------------
Description: 
                Ew People Catitude iPhone 16 Pro Back Cover
              
Price After Discount: From ₹ 69.00
Actual Price: ₹ 499.00
Image Link: https://casekaro.com/cdn/shop/files/CK-0623-iP16PRO-0682-A.jpg?v=1736839100&width=533
----------------------------------------
Description: 
                Lion Art iPhone 16 Pro Back Cover
              
Price After Discount: From ₹ 69.00
Actual Price: ₹ 499.00
Image Link: https://casekaro.com/cdn/shop/files/CK-0623-iP16PRO-0358-A.jpg?v=1727545579&width=533
----------------------------------------
Description: 
                Do Shit You Love iPhone 16 Pro Back Cover
              
Price After Discount: From ₹ 69.00
Actual Price: ₹ 499.00
Image Link: https://casekaro.com/cdn/shop/files/CK-0623-iP16PRO-0361-A.jpg?v=1727545599&width=533
----------------------------------------
Description: 
                Superman iPhone 16 Pro Back Cover
              
Price After Discount: From ₹ 69.00
Actual Price: ₹ 499.00
Image Link: https://casekaro.com/cdn/shop/files/CK-0623-iP16PRO-0016-A.jpg?v=1727545201&width=533
----------------------------------------
Description: 
                Bull Trading Momentum iPhone 16 Pro Back Cover
              
Price After Discount: From ₹ 69.00
Actual Price: ₹ 499.00
Image Link: https://casekaro.com/cdn/shop/files/CK-0623-iP16PRO-0688-A.jpg?v=1736839132&width=533
----------------------------------------
Description: 
                Spider iPhone 16 Pro Back Cover
              
Price After Discount: From ₹ 69.00
Actual Price: ₹ 499.00
Image Link: https://casekaro.com/cdn/shop/files/CK-0623-iP16PRO-0594-A.jpg?v=1727630895&width=533
----------------------------------------
Description: 
                Funny Cartoon iPhone 16 Pro Back Cover
              
Price After Discount: From ₹ 69.00
Actual Price: ₹ 499.00
Image Link: https://casekaro.com/cdn/shop/files/CK-0623-iP16PRO-0523-A.jpg?v=1727630609&width=533
----------------------------------------
Description: 
                Akatsuki iPhone 16 Pro Back Cover
              
Price After Discount: From ₹ 69.00
Actual Price: ₹ 499.00
Image Link: https://casekaro.com/cdn/shop/files/CK-0623-iP16PRO-0514-A.jpg?v=1727630575&width=533
----------------------------------------
Description: 
                Heart iPhone 16 Pro Back Cover
              
Price After Discount: From ₹ 69.00
Actual Price: ₹ 499.00
Image Link: https://casekaro.com/cdn/shop/files/CK-0623-iP16PRO-0113-A.jpg?v=1727545289&width=533
----------------------------------------
Description: 
                Soft Silicone iPhone 16 Pro Back Cover
              
Price After Discount: ₹ 99.00
Actual Price: ₹ 499.00
Image Link: https://casekaro.com/cdn/shop/files/Soft_Silicone_0007_6740e3a6-3970-408f-99a7-f7f1bbdab380.jpg?v=1746435971&width=533
----------------------------------------
Description: 
                Satyamev Jayate Golden iPhone 16 Pro Glass Case
              
Price After Discount: ₹ 249.00
Actual Price: ₹ 699.00
Image Link: https://casekaro.com/cdn/shop/files/GC-0623-iP16PRO-0580-A_e1c98492-65ba-4262-8a4c-82e6558a702b.jpg?v=1729762672&width=533
----------------------------------------
Description: 
                Arctic Monkeys iPhone 16 Pro Glass Case
              
Price After Discount: ₹ 249.00
Actual Price: ₹ 699.00
Image Link: https://casekaro.com/cdn/shop/files/GC-0623-iP16PRO-0692-A.jpg?v=1742036811&width=533
----------------------------------------
Done. 24 products saved & printed.
  &amp#27;[32mAnd &amp#27;[0m&amp#27;[32mI sort the products by price and print them&amp#27;[0m          &amp#27;[90m# in.assignment.STest.sortAndPrint()&amp#27;[0m
]]></system-out>
    <system-err><![CDATA[SLF4J(W): No SLF4J providers were found.
SLF4J(W): Defaulting to no-operation (NOP) logger implementation
SLF4J(W): See https://www.slf4j.org/codes.html#noProviders for further details.
]]></system-err>
  </testcase>
</testsuite>